This is pdfTeX, Version 3.14159265-2.6-1.40.19 (MiKTeX 2.9.6800) (preloaded format=pdflatex 2018.10.18)  21 NOV 2018 21:12
entering extended mode
**./report-B136013.tex
(report-B136013.tex
LaTeX2e <2018-04-01> patch level 5

("/Users/xenis656/Library/Application Support/MiKTeX/texmfs/install/tex/latex/b
ase/article.cls"
Document Class: article 2014/09/29 v1.4h Standard LaTeX document class

("/Users/xenis656/Library/Application Support/MiKTeX/texmfs/install/tex/latex/b
ase/size12.clo"
File: size12.clo 2014/09/29 v1.4h Standard LaTeX file (size option)
)
\c@part=\count80
\c@section=\count81
\c@subsection=\count82
\c@subsubsection=\count83
\c@paragraph=\count84
\c@subparagraph=\count85
\c@figure=\count86
\c@table=\count87
\abovecaptionskip=\skip41
\belowcaptionskip=\skip42
\bibindent=\dimen102
) (epcc.sty
EPCC's LaTeX 2e local style file $Revision: 3.6 $ $Date: 1998/01/09 09:32:33 $

("/Users/xenis656/Library/Application Support/MiKTeX/texmfs/install/tex/latex/p
snfss/times.sty"
Package: times 2005/04/12 PSNFSS-v9.2a (SPQR) 
)
("/Users/xenis656/Library/Application Support/MiKTeX/texmfs/install/tex/latex/b
ase/t1enc.sty"
Package: t1enc 1994/06/01 Standard LaTeX package
)
\p@perwidth=\skip43
\p@perlength=\skip44
\mainsize=\skip45
\leftsidemargin=\skip46
\leftsideshift=\skip47
\rightsidemargin=\skip48
\rightsideshift=\skip49
\headsidemargin=\skip50
\footsidemargin=\skip51
\footheight=\skip52
 (fancyheadings.sty
\headrulewidth=\dimen103
\footrulewidth=\dimen104
\plainheadrulewidth=\dimen105
\plainfootrulewidth=\dimen106
\headwidth=\dimen107
\footruleskip=\dimen108
)
\pagerulewidth=\dimen109
\@pcclines=\count88
\@pcclinemax=\count89
\headexcess=\dimen110
\c@codeseg=\count90

("/Users/xenis656/Library/Application Support/MiKTeX/texmfs/install/tex/latex/g
raphics/graphics.sty"
Package: graphics 2017/06/25 v1.2c Standard LaTeX Graphics (DPC,SPQR)

("/Users/xenis656/Library/Application Support/MiKTeX/texmfs/install/tex/latex/g
raphics/trig.sty"
Package: trig 2016/01/03 v1.10 sin cos tan (DPC)
)
("/Users/xenis656/Library/Application Support/MiKTeX/texmfs/install/tex/latex/g
raphics-cfg/graphics.cfg"
File: graphics.cfg 2016/06/04 v1.11 sample graphics configuration
)
Package graphics Info: Driver file: pdftex.def on input line 99.

("/Users/xenis656/Library/Application Support/MiKTeX/texmfs/install/tex/latex/g
raphics-def/pdftex.def"
File: pdftex.def 2018/01/08 v1.0l Graphics/color driver for pdftex
))
\t@bSkip=\dimen111
\reverseT@bSkip=\dimen112
\hh=\count91
\mm=\count92
RCSident: $Id: epcc.sty,v 3.6 1998/01/09 09:32:33 st Exp $
)
("/Users/xenis656/Library/Application Support/MiKTeX/texmfs/install/tex/latex/g
raphics/graphicx.sty"
Package: graphicx 2017/06/01 v1.1a Enhanced LaTeX Graphics (DPC,SPQR)

("/Users/xenis656/Library/Application Support/MiKTeX/texmfs/install/tex/latex/g
raphics/keyval.sty"
Package: keyval 2014/10/28 v1.15 key=value parser (DPC)
\KV@toks@=\toks14
)
\Gin@req@height=\dimen113
\Gin@req@width=\dimen114
)
("/Users/xenis656/Library/Application Support/MiKTeX/texmfs/install/tex/latex/l
istings/listings.sty"
\lst@mode=\count93
\lst@gtempboxa=\box26
\lst@token=\toks15
\lst@length=\count94
\lst@currlwidth=\dimen115
\lst@column=\count95
\lst@pos=\count96
\lst@lostspace=\dimen116
\lst@width=\dimen117
\lst@newlines=\count97
\lst@lineno=\count98
\lst@maxwidth=\dimen118

("/Users/xenis656/Library/Application Support/MiKTeX/texmfs/install/tex/latex/l
istings/lstmisc.sty"
File: lstmisc.sty 2018/09/02 1.7 (Carsten Heinz)
\c@lstnumber=\count99
\lst@skipnumbers=\count100
\lst@framebox=\box27
)
("/Users/xenis656/Library/Application Support/MiKTeX/texmfs/install/tex/latex/l
istings/listings.cfg"
File: listings.cfg 2018/09/02 1.7 listings configuration
))
Package: listings 2018/09/02 1.7 (Carsten Heinz)

("/Users/xenis656/Library/Application Support/MiKTeX/texmfs/install/tex/latex/g
raphics/color.sty"
Package: color 2016/07/10 v1.1e Standard LaTeX Color (DPC)

("/Users/xenis656/Library/Application Support/MiKTeX/texmfs/install/tex/latex/g
raphics-cfg/color.cfg"
File: color.cfg 2016/01/02 v1.6 sample color configuration
)
Package color Info: Driver file: pdftex.def on input line 147.
)
("/Users/xenis656/Library/Application Support/MiKTeX/texmfs/install/tex/latex/a
msmath/amsmath.sty"
Package: amsmath 2017/09/02 v2.17a AMS math features
\@mathmargin=\skip53

For additional information on amsmath, use the `?' option.

("/Users/xenis656/Library/Application Support/MiKTeX/texmfs/install/tex/latex/a
msmath/amstext.sty"
Package: amstext 2000/06/29 v2.01 AMS text

("/Users/xenis656/Library/Application Support/MiKTeX/texmfs/install/tex/latex/a
msmath/amsgen.sty"
File: amsgen.sty 1999/11/30 v2.0 generic functions
\@emptytoks=\toks16
\ex@=\dimen119
))
("/Users/xenis656/Library/Application Support/MiKTeX/texmfs/install/tex/latex/a
msmath/amsbsy.sty"
Package: amsbsy 1999/11/29 v1.2d Bold Symbols
\pmbraise@=\dimen120
)
("/Users/xenis656/Library/Application Support/MiKTeX/texmfs/install/tex/latex/a
msmath/amsopn.sty"
Package: amsopn 2016/03/08 v2.02 operator names
)
\inf@bad=\count101
LaTeX Info: Redefining \frac on input line 213.
\uproot@=\count102
\leftroot@=\count103
LaTeX Info: Redefining \overline on input line 375.
\classnum@=\count104
\DOTSCASE@=\count105
LaTeX Info: Redefining \ldots on input line 472.
LaTeX Info: Redefining \dots on input line 475.
LaTeX Info: Redefining \cdots on input line 596.
\Mathstrutbox@=\box28
\strutbox@=\box29
\big@size=\dimen121
LaTeX Font Info:    Redeclaring font encoding OML on input line 712.
LaTeX Font Info:    Redeclaring font encoding OMS on input line 713.
\macc@depth=\count106
\c@MaxMatrixCols=\count107
\dotsspace@=\muskip10
\c@parentequation=\count108
\dspbrk@lvl=\count109
\tag@help=\toks17
\row@=\count110
\column@=\count111
\maxfields@=\count112
\andhelp@=\toks18
\eqnshift@=\dimen122
\alignsep@=\dimen123
\tagshift@=\dimen124
\tagwidth@=\dimen125
\totwidth@=\dimen126
\lineht@=\dimen127
\@envbody=\toks19
\multlinegap=\skip54
\multlinetaggap=\skip55
\mathdisplay@stack=\toks20
LaTeX Info: Redefining \[ on input line 2817.
LaTeX Info: Redefining \] on input line 2818.
)
("/Users/xenis656/Library/Application Support/MiKTeX/texmfs/install/tex/latex/s
ubfig/subfig.sty"
Package: subfig 2005/06/28 ver: 1.3 subfig package

("/Users/xenis656/Library/Application Support/MiKTeX/texmfs/install/tex/latex/c
aption/caption.sty"
Package: caption 2018/10/06 v3.3-154 Customizing captions (AR)

("/Users/xenis656/Library/Application Support/MiKTeX/texmfs/install/tex/latex/c
aption/caption3.sty"
Package: caption3 2018/09/12 v1.8c caption3 kernel (AR)
Package caption3 Info: TeX engine: e-TeX on input line 64.
\captionmargin=\dimen128
\captionmargin@=\dimen129
\captionwidth=\dimen130
\caption@tempdima=\dimen131
\caption@indent=\dimen132
\caption@parindent=\dimen133
\caption@hangindent=\dimen134
)
\c@caption@flags=\count113
\c@ContinuedFloat=\count114
Package caption Info: listings package is loaded.
)
\c@KVtest=\count115
\sf@farskip=\skip56
\sf@captopadj=\dimen135
\sf@capskip=\skip57
\sf@nearskip=\skip58
\c@subfigure=\count116
\c@subfigure@save=\count117
\c@lofdepth=\count118
\c@subtable=\count119
\c@subtable@save=\count120
\c@lotdepth=\count121
\sf@top=\skip59
\sf@bottom=\skip60
)
("/Users/xenis656/Library/Application Support/MiKTeX/texmfs/install/tex/latex/t
abu/tabu.sty"
Package: tabu 2011/02/26 v2.8 - flexible LaTeX tabulars (FC)

("/Users/xenis656/Library/Application Support/MiKTeX/texmfs/install/tex/latex/t
ools/array.sty"
Package: array 2018/04/30 v2.4h Tabular extension package (FMi)
\col@sep=\dimen136
\ar@mcellbox=\box30
\extrarowheight=\dimen137
\NC@list=\toks21
\extratabsurround=\skip61
\backup@length=\skip62
\ar@cellbox=\box31
)
("/Users/xenis656/Library/Application Support/MiKTeX/texmfs/install/tex/latex/v
arwidth/varwidth.sty"
Package: varwidth 2009/03/30 ver 0.92;  Variable-width minipages
\@vwid@box=\box32
\sift@deathcycles=\count122
\@vwid@loff=\dimen138
\@vwid@roff=\dimen139
)
\c@taburow=\count123
\tabu@nbcols=\count124
\tabu@cnt=\count125
\tabu@Xcol=\count126
\tabu@alloc=\count127
\tabu@nested=\count128
\tabu@target=\dimen140
\tabu@spreadtarget=\dimen141
\tabu@naturalX=\dimen142
\tabucolX=\dimen143
\tabu@Xsum=\dimen144
\extrarowdepth=\dimen145
\abovetabulinesep=\dimen146
\belowtabulinesep=\dimen147
\tabustrutrule=\dimen148
\tabu@thebody=\toks22
\tabu@footnotes=\toks23
\tabu@box=\box33
\tabu@arstrutbox=\box34
\tabu@hleads=\box35
\tabu@vleads=\box36
\tabu@cellskip=\skip63
)
("/Users/xenis656/Library/Application Support/MiKTeX/texmfs/install/tex/latex/m
ultirow/multirow.sty"
Package: multirow 2018/08/03 v2.3 Span multiple rows of a table
\multirow@colwidth=\skip64
\multirow@cntb=\count129
\multirow@dima=\skip65
\bigstrutjot=\dimen149
)
("/Users/xenis656/Library/Application Support/MiKTeX/texmfs/install/tex/latex/h
yperref/hyperref.sty"
Package: hyperref 2018/09/30 v6.88a Hypertext links for LaTeX

("/Users/xenis656/Library/Application Support/MiKTeX/texmfs/install/tex/generic
/oberdiek/hobsub-hyperref.sty"
Package: hobsub-hyperref 2016/05/16 v1.14 Bundle oberdiek, subset hyperref (HO)


("/Users/xenis656/Library/Application Support/MiKTeX/texmfs/install/tex/generic
/oberdiek/hobsub-generic.sty"
Package: hobsub-generic 2016/05/16 v1.14 Bundle oberdiek, subset generic (HO)
Package: hobsub 2016/05/16 v1.14 Construct package bundles (HO)
Package: infwarerr 2016/05/16 v1.4 Providing info/warning/error messages (HO)
Package: ltxcmds 2016/05/16 v1.23 LaTeX kernel commands for general use (HO)
Package: ifluatex 2016/05/16 v1.4 Provides the ifluatex switch (HO)
Package ifluatex Info: LuaTeX not detected.
Package: ifvtex 2016/05/16 v1.6 Detect VTeX and its facilities (HO)
Package ifvtex Info: VTeX not detected.
Package: intcalc 2016/05/16 v1.2 Expandable calculations with integers (HO)
Package: ifpdf 2018/09/07 v3.3 Provides the ifpdf switch
Package: etexcmds 2016/05/16 v1.6 Avoid name clashes with e-TeX commands (HO)
Package etexcmds Info: Could not find \expanded.
(etexcmds)             That can mean that you are not using pdfTeX 1.50 or
(etexcmds)             that some package has redefined \expanded.
(etexcmds)             In the latter case, load this package earlier.
Package: kvsetkeys 2016/05/16 v1.17 Key value parser (HO)
Package: kvdefinekeys 2016/05/16 v1.4 Define keys (HO)
Package: pdftexcmds 2018/09/10 v0.29 Utility functions of pdfTeX for LuaTeX (HO
)
Package pdftexcmds Info: LuaTeX not detected.
Package pdftexcmds Info: \pdf@primitive is available.
Package pdftexcmds Info: \pdf@ifprimitive is available.
Package pdftexcmds Info: \pdfdraftmode found.
Package: pdfescape 2016/05/16 v1.14 Implements pdfTeX's escape features (HO)
Package: bigintcalc 2016/05/16 v1.4 Expandable calculations on big integers (HO
)
Package: bitset 2016/05/16 v1.2 Handle bit-vector datatype (HO)
Package: uniquecounter 2016/05/16 v1.3 Provide unlimited unique counter (HO)
)
Package hobsub Info: Skipping package `hobsub' (already loaded).
Package: letltxmacro 2016/05/16 v1.5 Let assignment for LaTeX macros (HO)
Package: hopatch 2016/05/16 v1.3 Wrapper for package hooks (HO)
Package: xcolor-patch 2016/05/16 xcolor patch
Package: atveryend 2016/05/16 v1.9 Hooks at the very end of document (HO)
Package atveryend Info: \enddocument detected (standard20110627).
Package: atbegshi 2016/06/09 v1.18 At begin shipout hook (HO)
Package: refcount 2016/05/16 v3.5 Data extraction from label references (HO)
Package: hycolor 2016/05/16 v1.8 Color options for hyperref/bookmark (HO)
)
("/Users/xenis656/Library/Application Support/MiKTeX/texmfs/install/tex/generic
/ifxetex/ifxetex.sty"
Package: ifxetex 2010/09/12 v0.6 Provides ifxetex conditional
)
("/Users/xenis656/Library/Application Support/MiKTeX/texmfs/install/tex/latex/o
berdiek/auxhook.sty"
Package: auxhook 2016/05/16 v1.4 Hooks for auxiliary files (HO)
)
("/Users/xenis656/Library/Application Support/MiKTeX/texmfs/install/tex/latex/o
berdiek/kvoptions.sty"
Package: kvoptions 2016/05/16 v3.12 Key value format for package options (HO)
)
\@linkdim=\dimen150
\Hy@linkcounter=\count130
\Hy@pagecounter=\count131

("/Users/xenis656/Library/Application Support/MiKTeX/texmfs/install/tex/latex/h
yperref/pd1enc.def"
File: pd1enc.def 2018/09/30 v6.88a Hyperref: PDFDocEncoding definition (HO)
Now handling font encoding PD1 ...
... no UTF-8 mapping file for font encoding PD1
)
\Hy@SavedSpaceFactor=\count132

("/Users/xenis656/Library/Application Support/MiKTeX/texmfs/install/tex/latex/0
0miktex/hyperref.cfg"
File: hyperref.cfg 2002/06/06 v1.2 hyperref configuration of TeXLive
)
Package hyperref Info: Hyper figures OFF on input line 4535.
Package hyperref Info: Link nesting OFF on input line 4540.
Package hyperref Info: Hyper index ON on input line 4543.
Package hyperref Info: Plain pages OFF on input line 4550.
Package hyperref Info: Backreferencing OFF on input line 4555.
Package hyperref Info: Implicit mode ON; LaTeX internals redefined.
Package hyperref Info: Bookmarks ON on input line 4788.
\c@Hy@tempcnt=\count133

("/Users/xenis656/Library/Application Support/MiKTeX/texmfs/install/tex/latex/u
rl/url.sty"
\Urlmuskip=\muskip11
Package: url 2013/09/16  ver 3.4  Verb mode for urls, etc.
)
LaTeX Info: Redefining \url on input line 5141.
\XeTeXLinkMargin=\dimen151
\Fld@menulength=\count134
\Field@Width=\dimen152
\Fld@charsize=\dimen153
Package hyperref Info: Hyper figures OFF on input line 6396.
Package hyperref Info: Link nesting OFF on input line 6401.
Package hyperref Info: Hyper index ON on input line 6404.
Package hyperref Info: backreferencing OFF on input line 6411.
Package hyperref Info: Link coloring OFF on input line 6416.
Package hyperref Info: Link coloring with OCG OFF on input line 6421.
Package hyperref Info: PDF/A mode OFF on input line 6426.
LaTeX Info: Redefining \ref on input line 6466.
LaTeX Info: Redefining \pageref on input line 6470.
\Hy@abspage=\count135
\c@Item=\count136
\c@Hfootnote=\count137
)
Package hyperref Info: Driver (autodetected): hpdftex.

("/Users/xenis656/Library/Application Support/MiKTeX/texmfs/install/tex/latex/h
yperref/hpdftex.def"
File: hpdftex.def 2018/09/30 v6.88a Hyperref driver for pdfTeX
\Fld@listcount=\count138
\c@bookmark@seq@number=\count139

("/Users/xenis656/Library/Application Support/MiKTeX/texmfs/install/tex/latex/o
berdiek/rerunfilecheck.sty"
Package: rerunfilecheck 2016/05/16 v1.8 Rerun checks for auxiliary files (HO)
Package uniquecounter Info: New unique counter `rerunfilecheck' on input line 2
82.
)
\Hy@SectionHShift=\skip66
)
Package hyperref Info: Option `colorlinks' set `true' on input line 21.
 (report-B136013.aux)
\openout1 = `report-B136013.aux'.

LaTeX Font Info:    Checking defaults for OML/cmm/m/it on input line 25.
LaTeX Font Info:    ... okay on input line 25.
LaTeX Font Info:    Checking defaults for T1/cmr/m/n on input line 25.
LaTeX Font Info:    ... okay on input line 25.
LaTeX Font Info:    Checking defaults for OT1/cmr/m/n on input line 25.
LaTeX Font Info:    ... okay on input line 25.
LaTeX Font Info:    Checking defaults for OMS/cmsy/m/n on input line 25.
LaTeX Font Info:    ... okay on input line 25.
LaTeX Font Info:    Checking defaults for OMX/cmex/m/n on input line 25.
LaTeX Font Info:    ... okay on input line 25.
LaTeX Font Info:    Checking defaults for U/cmr/m/n on input line 25.
LaTeX Font Info:    ... okay on input line 25.
LaTeX Font Info:    Checking defaults for PD1/pdf/m/n on input line 25.
LaTeX Font Info:    ... okay on input line 25.
LaTeX Font Info:    Try loading font information for T1+ptm on input line 25.

("/Users/xenis656/Library/Application Support/MiKTeX/texmfs/install/tex/latex/p
snfss/t1ptm.fd"
File: t1ptm.fd 2001/06/04 font definitions for T1/ptm.
)
("/Users/xenis656/Library/Application Support/MiKTeX/texmfs/install/tex/context
/base/supp-pdf.mkii"
[Loading MPS to PDF converter (version 2006.09.02).]
\scratchcounter=\count140
\scratchdimen=\dimen154
\scratchbox=\box37
\nofMPsegments=\count141
\nofMParguments=\count142
\everyMPshowfont=\toks24
\MPscratchCnt=\count143
\MPscratchDim=\dimen155
\MPnumerator=\count144
\makeMPintoPDFobject=\count145
\everyMPtoPDFconversion=\toks25
)
("/Users/xenis656/Library/Application Support/MiKTeX/texmfs/install/tex/latex/o
berdiek/epstopdf-base.sty"
Package: epstopdf-base 2016/05/15 v2.6 Base part for package epstopdf

("/Users/xenis656/Library/Application Support/MiKTeX/texmfs/install/tex/latex/o
berdiek/grfext.sty"
Package: grfext 2016/05/16 v1.2 Manage graphics extensions (HO)
)
Package epstopdf-base Info: Redefining graphics rule for `.eps' on input line 4
38.
Package grfext Info: Graphics extension search list:
(grfext)             [.pdf,.png,.jpg,.mps,.jpeg,.jbig2,.jb2,.PDF,.PNG,.JPG,.JPE
G,.JBIG2,.JB2,.eps]
(grfext)             \AppendGraphicsExtensions on input line 456.
)
\c@lstlisting=\count146
Package caption Info: Begin \AtBeginDocument code.
Package caption Info: subfig package v1.3 is loaded.
Package caption Info: hyperref package is loaded.
Package caption Info: End \AtBeginDocument code.
\AtBeginShipoutBox=\box38
Package hyperref Info: Link coloring ON on input line 25.

("/Users/xenis656/Library/Application Support/MiKTeX/texmfs/install/tex/latex/h
yperref/nameref.sty"
Package: nameref 2016/05/21 v2.44 Cross-referencing by name of section

("/Users/xenis656/Library/Application Support/MiKTeX/texmfs/install/tex/generic
/oberdiek/gettitlestring.sty"
Package: gettitlestring 2016/05/16 v1.5 Cleanup title references (HO)
)
\c@section@level=\count147
)
LaTeX Info: Redefining \ref on input line 25.
LaTeX Info: Redefining \pageref on input line 25.
LaTeX Info: Redefining \nameref on input line 25.
 (report-B136013.out) (report-B136013.out)
\@outlinefile=\write3
\openout3 = `report-B136013.out'.

<logos/logo_black.pdf, id=67, 662.475pt x 191.71625pt>
File: logos/logo_black.pdf Graphic file (type pdf)
<use logos/logo_black.pdf>
Package pdftex.def Info: logos/logo_black.pdf  used on input line 32.
(pdftex.def)             Requested size: 662.47339pt x 191.71577pt.
<logos/crest_bw.pdf, id=68, 363.3575pt x 367.3725pt>
File: logos/crest_bw.pdf Graphic file (type pdf)
<use logos/crest_bw.pdf>
Package pdftex.def Info: logos/crest_bw.pdf  used on input line 32.
(pdftex.def)             Requested size: 363.3566pt x 367.37158pt.

[1


Non-PDF special ignored!
<special> ps: /RCSident ($Id: epcc.sty,v 3.6 1998/01/09 09:32:33 st Exp $) ...
{/Users/xenis656/Library/Application Support/MiKTeX/texmfs/data/pdftex/config/p
dftex.map} <./logos/logo_black.pdf> <./logos/crest_bw.pdf>]
LaTeX Font Info:    Font shape `T1/ptm/bx/n' in size <17.28> not available
(Font)              Font shape `T1/ptm/b/n' tried instead on input line 38.
 (report-B136013.toc
LaTeX Font Info:    Font shape `T1/ptm/bx/n' in size <12> not available
(Font)              Font shape `T1/ptm/b/n' tried instead on input line 1.
)
\tf@toc=\write4
\openout4 = `report-B136013.toc'.

 [2

]
Underfull \hbox (badness 10000) in paragraph at lines 49--50

 []

LaTeX Font Info:    Font shape `T1/ptm/bx/n' in size <14.4> not available
(Font)              Font shape `T1/ptm/b/n' tried instead on input line 61.
[3

]
LaTeX Font Info:    Try loading font information for OMS+ptm on input line 86.

("/Users/xenis656/Library/Application Support/MiKTeX/texmfs/install/tex/latex/p
snfss/omsptm.fd"
File: omsptm.fd 
)
LaTeX Font Info:    Font shape `OMS/ptm/m/n' in size <12> not available
(Font)              Font shape `OMS/cmsy/m/n' tried instead on input line 86.
 [4] [5] [6]
("/Users/xenis656/Library/Application Support/MiKTeX/texmfs/install/tex/latex/l
istings/lstlang1.sty"
File: lstlang1.sty 2018/09/02 1.7 listings language file
)
("/Users/xenis656/Library/Application Support/MiKTeX/texmfs/install/tex/latex/l
istings/lstlang1.sty"
File: lstlang1.sty 2018/09/02 1.7 listings language file
) [7

]
Package epstopdf Info: Source file: <../graphs/speedup.eps>
(epstopdf)                    date: 2018-11-21 21:11:45
(epstopdf)                    size: 28191 bytes
(epstopdf)             Output file: <../graphs/speedup-eps-converted-to.pdf>
(epstopdf)                    date: 2018-11-21 20:24:30
(epstopdf)                    size: 14425 bytes
(epstopdf)             Command: <epstopdf --outfile=../graphs/speedup-eps-conve
rted-to.pdf ../graphs/speedup.eps>
(epstopdf)             \includegraphics on input line 189.
runsystem(epstopdf --outfile=../graphs/speedup-eps-converted-to.pdf ../graphs/s
peedup.eps)...executed (allowed).

Package epstopdf Info: Result file: <../graphs/speedup-eps-converted-to.pdf>
(epstopdf)                    date: 2018-11-21 21:12:46
(epstopdf)                    size: 14425 bytes.
<../graphs/speedup-eps-converted-to.pdf, id=156, 462.72874pt x 346.29375pt>
File: ../graphs/speedup-eps-converted-to.pdf Graphic file (type pdf)
<use ../graphs/speedup-eps-converted-to.pdf>
Package pdftex.def Info: ../graphs/speedup-eps-converted-to.pdf  used on input 
line 189.
(pdftex.def)             Requested size: 370.1835pt x 277.03537pt.
 [8]
Package epstopdf Info: Source file: <../graphs/speedupBigInput.eps>
(epstopdf)                    date: 2018-11-21 21:11:44
(epstopdf)                    size: 25983 bytes
(epstopdf)             Output file: <../graphs/speedupBigInput-eps-converted-to
.pdf>
(epstopdf)                    date: 2018-11-21 20:24:31
(epstopdf)                    size: 13824 bytes
(epstopdf)             Command: <epstopdf --outfile=../graphs/speedupBigInput-e
ps-converted-to.pdf ../graphs/speedupBigInput.eps>
(epstopdf)             \includegraphics on input line 205.
runsystem(epstopdf --outfile=../graphs/speedupBigInput-eps-converted-to.pdf ../
graphs/speedupBigInput.eps)...executed (allowed).

Package epstopdf Info: Result file: <../graphs/speedupBigInput-eps-converted-to
.pdf>
(epstopdf)                    date: 2018-11-21 21:12:48
(epstopdf)                    size: 13753 bytes.
<../graphs/speedupBigInput-eps-converted-to.pdf, id=168, 462.72874pt x 346.2937
5pt>
File: ../graphs/speedupBigInput-eps-converted-to.pdf Graphic file (type pdf)
<use ../graphs/speedupBigInput-eps-converted-to.pdf>
Package pdftex.def Info: ../graphs/speedupBigInput-eps-converted-to.pdf  used o
n input line 205.
(pdftex.def)             Requested size: 370.1835pt x 277.03537pt.


LaTeX Warning: `!h' float specifier changed to `!ht'.


LaTeX Warning: `!h' float specifier changed to `!ht'.

[9 <../graphs/speedup-eps-converted-to.pdf>]
Package epstopdf Info: Source file: <../graphs/speedupInterval.eps>
(epstopdf)                    date: 2018-11-21 21:11:45
(epstopdf)                    size: 26309 bytes
(epstopdf)             Output file: <../graphs/speedupInterval-eps-converted-to
.pdf>
(epstopdf)                    date: 2018-11-21 20:24:32
(epstopdf)                    size: 15983 bytes
(epstopdf)             Command: <epstopdf --outfile=../graphs/speedupInterval-e
ps-converted-to.pdf ../graphs/speedupInterval.eps>
(epstopdf)             \includegraphics on input line 236.
runsystem(epstopdf --outfile=../graphs/speedupInterval-eps-converted-to.pdf ../
graphs/speedupInterval.eps)...executed (allowed).

Package epstopdf Info: Result file: <../graphs/speedupInterval-eps-converted-to
.pdf>
(epstopdf)                    date: 2018-11-21 21:12:49
(epstopdf)                    size: 15983 bytes.
<../graphs/speedupInterval-eps-converted-to.pdf, id=212, 462.72874pt x 346.2937
5pt>
File: ../graphs/speedupInterval-eps-converted-to.pdf Graphic file (type pdf)
<use ../graphs/speedupInterval-eps-converted-to.pdf>
Package pdftex.def Info: ../graphs/speedupInterval-eps-converted-to.pdf  used o
n input line 236.
(pdftex.def)             Requested size: 277.63939pt x 207.77785pt.
 [10 <../graphs/speedupBigInput-eps-converted-to.pdf>]
Package epstopdf Info: Source file: <../graphs/average_pixel/edgenew192x128_ave
rage_pixel.eps>
(epstopdf)                    date: 2018-11-21 21:11:45
(epstopdf)                    size: 23505 bytes
(epstopdf)             Output file: <../graphs/average_pixel/edgenew192x128_ave
rage_pixel-eps-converted-to.pdf>
(epstopdf)                    date: 2018-11-21 20:24:33
(epstopdf)                    size: 13531 bytes
(epstopdf)             Command: <epstopdf --outfile=../graphs/average_pixel/edg
enew192x128_average_pixel-eps-converted-to.pdf ../graphs/average_pixel/edgenew1
92x128_average_pixel.eps>
(epstopdf)             \includegraphics on input line 247.
runsystem(epstopdf --outfile=../graphs/average_pixel/edgenew192x128_average_pix
el-eps-converted-to.pdf ../graphs/average_pixel/edgenew192x128_average_pixel.ep
s)...executed (allowed).

Package epstopdf Info: Result file: <../graphs/average_pixel/edgenew192x128_ave
rage_pixel-eps-converted-to.pdf>
(epstopdf)                    date: 2018-11-21 21:12:50
(epstopdf)                    size: 13531 bytes.
<../graphs/average_pixel/edgenew192x128_average_pixel-eps-converted-to.pdf, id=
250, 462.72874pt x 346.29375pt>
File: ../graphs/average_pixel/edgenew192x128_average_pixel-eps-converted-to.pdf
 Graphic file (type pdf)
<use ../graphs/average_pixel/edgenew192x128_average_pixel-eps-converted-to.pdf>

Package pdftex.def Info: ../graphs/average_pixel/edgenew192x128_average_pixel-e
ps-converted-to.pdf  used on input line 247.
(pdftex.def)             Requested size: 175.06905pt x 131.01703pt.
Package epstopdf Info: Source file: <../graphs/average_pixel/edgenew256x192_ave
rage_pixel.eps>
(epstopdf)                    date: 2018-11-21 21:11:45
(epstopdf)                    size: 22531 bytes
(epstopdf)             Output file: <../graphs/average_pixel/edgenew256x192_ave
rage_pixel-eps-converted-to.pdf>
(epstopdf)                    date: 2018-11-21 20:24:34
(epstopdf)                    size: 13487 bytes
(epstopdf)             Command: <epstopdf --outfile=../graphs/average_pixel/edg
enew256x192_average_pixel-eps-converted-to.pdf ../graphs/average_pixel/edgenew2
56x192_average_pixel.eps>
(epstopdf)             \includegraphics on input line 249.
runsystem(epstopdf --outfile=../graphs/average_pixel/edgenew256x192_average_pix
el-eps-converted-to.pdf ../graphs/average_pixel/edgenew256x192_average_pixel.ep
s)...executed (allowed).

Package epstopdf Info: Result file: <../graphs/average_pixel/edgenew256x192_ave
rage_pixel-eps-converted-to.pdf>
(epstopdf)                    date: 2018-11-21 21:12:51
(epstopdf)                    size: 13487 bytes.
<../graphs/average_pixel/edgenew256x192_average_pixel-eps-converted-to.pdf, id=
251, 462.72874pt x 346.29375pt>
File: ../graphs/average_pixel/edgenew256x192_average_pixel-eps-converted-to.pdf
 Graphic file (type pdf)
<use ../graphs/average_pixel/edgenew256x192_average_pixel-eps-converted-to.pdf>

Package pdftex.def Info: ../graphs/average_pixel/edgenew256x192_average_pixel-e
ps-converted-to.pdf  used on input line 249.
(pdftex.def)             Requested size: 175.06905pt x 131.01703pt.
Package epstopdf Info: Source file: <../graphs/average_pixel/edgenew768x768_ave
rage_pixel.eps>
(epstopdf)                    date: 2018-11-21 21:11:45
(epstopdf)                    size: 27080 bytes
(epstopdf)             Output file: <../graphs/average_pixel/edgenew768x768_ave
rage_pixel-eps-converted-to.pdf>
(epstopdf)                    date: 2018-11-21 20:24:36
(epstopdf)                    size: 14074 bytes
(epstopdf)             Command: <epstopdf --outfile=../graphs/average_pixel/edg
enew768x768_average_pixel-eps-converted-to.pdf ../graphs/average_pixel/edgenew7
68x768_average_pixel.eps>
(epstopdf)             \includegraphics on input line 251.
runsystem(epstopdf --outfile=../graphs/average_pixel/edgenew768x768_average_pix
el-eps-converted-to.pdf ../graphs/average_pixel/edgenew768x768_average_pixel.ep
s)...executed (allowed).

Package epstopdf Info: Result file: <../graphs/average_pixel/edgenew768x768_ave
rage_pixel-eps-converted-to.pdf>
(epstopdf)                    date: 2018-11-21 21:12:53
(epstopdf)                    size: 14074 bytes.
<../graphs/average_pixel/edgenew768x768_average_pixel-eps-converted-to.pdf, id=
252, 462.72874pt x 346.29375pt>
File: ../graphs/average_pixel/edgenew768x768_average_pixel-eps-converted-to.pdf
 Graphic file (type pdf)
<use ../graphs/average_pixel/edgenew768x768_average_pixel-eps-converted-to.pdf>

Package pdftex.def Info: ../graphs/average_pixel/edgenew768x768_average_pixel-e
ps-converted-to.pdf  used on input line 251.
(pdftex.def)             Requested size: 175.06905pt x 131.01703pt.
Package epstopdf Info: Source file: <../graphs/average_pixel/edgenew1600x1200_a
verage_pixel.eps>
(epstopdf)                    date: 2018-11-21 21:11:45
(epstopdf)                    size: 31180 bytes
(epstopdf)             Output file: <../graphs/average_pixel/edgenew1600x1200_a
verage_pixel-eps-converted-to.pdf>
(epstopdf)                    date: 2018-11-21 20:24:37
(epstopdf)                    size: 14879 bytes
(epstopdf)             Command: <epstopdf --outfile=../graphs/average_pixel/edg
enew1600x1200_average_pixel-eps-converted-to.pdf ../graphs/average_pixel/edgene
w1600x1200_average_pixel.eps>
(epstopdf)             \includegraphics on input line 253.
runsystem(epstopdf --outfile=../graphs/average_pixel/edgenew1600x1200_average_p
ixel-eps-converted-to.pdf ../graphs/average_pixel/edgenew1600x1200_average_pixe
l.eps)...executed (allowed).

Package epstopdf Info: Result file: <../graphs/average_pixel/edgenew1600x1200_a
verage_pixel-eps-converted-to.pdf>
(epstopdf)                    date: 2018-11-21 21:12:54
(epstopdf)                    size: 14879 bytes.
<../graphs/average_pixel/edgenew1600x1200_average_pixel-eps-converted-to.pdf, i
d=253, 462.72874pt x 346.29375pt>
File: ../graphs/average_pixel/edgenew1600x1200_average_pixel-eps-converted-to.p
df Graphic file (type pdf)
<use ../graphs/average_pixel/edgenew1600x1200_average_pixel-eps-converted-to.pd
f>
Package pdftex.def Info: ../graphs/average_pixel/edgenew1600x1200_average_pixel
-eps-converted-to.pdf  used on input line 253.
(pdftex.def)             Requested size: 175.06905pt x 131.01703pt.
 [11 <../graphs/speedupInterval-eps-converted-to.pdf>]
Package atveryend Info: Empty hook `BeforeClearDocument' on input line 267.

[12 <../graphs/average_pixel/edgenew192x128_average_pixel-eps-converted-to.pdf>
 <../graphs/average_pixel/edgenew256x192_average_pixel-eps-converted-to.pdf> <.
./graphs/average_pixel/edgenew768x768_average_pixel-eps-converted-to.pdf> <../g
raphs/average_pixel/edgenew1600x1200_average_pixel-eps-converted-to.pdf>]
Package atveryend Info: Empty hook `AfterLastShipout' on input line 267.

(report-B136013.aux)
Package atveryend Info: Executing hook `AtVeryEndDocument' on input line 267.
Package atveryend Info: Executing hook `AtEndAfterFileList' on input line 267.
Package rerunfilecheck Info: File `report-B136013.out' has not changed.
(rerunfilecheck)             Checksum: 0EE31D9D893C193517797038B72E8BAB;909.
Package atveryend Info: Empty hook `AtVeryVeryEnd' on input line 267.
 ) 
Here is how much of TeX's memory you used:
 9920 strings out of 492971
 149622 string characters out of 3124857
 426894 words of memory out of 3000000
 13608 multiletter control sequences out of 15000+200000
 30119 words of font info for 47 fonts, out of 3000000 for 9000
 1141 hyphenation exceptions out of 8191
 44i,12n,51p,875b,1129s stack positions out of 5000i,500n,10000p,200000b,50000s
{/Users/xenis656/Library/Application Support/MiKTeX/texmfs/install/fonts/enc/
dvips/base/8r.enc}</Users/xenis656/Library/Application Support/MiKTeX/texmfs/in
stall/fonts/type1/public/amsfonts/cm/cmmi12.pfb></Users/xenis656/Library/Applic
ation Support/MiKTeX/texmfs/install/fonts/type1/public/amsfonts/cm/cmmi8.pfb></
Users/xenis656/Library/Application Support/MiKTeX/texmfs/install/fonts/type1/pu
blic/amsfonts/cm/cmr12.pfb></Users/xenis656/Library/Application Support/MiKTeX/
texmfs/install/fonts/type1/public/amsfonts/cm/cmr8.pfb></Users/xenis656/Library
/Application Support/MiKTeX/texmfs/install/fonts/type1/public/amsfonts/cm/cmsy1
0.pfb></Users/xenis656/Library/Application Support/MiKTeX/texmfs/install/fonts/
type1/public/amsfonts/cm/cmsy8.pfb></Users/xenis656/Library/Application Support
/MiKTeX/texmfs/install/fonts/type1/urw/times/utmb8a.pfb></Users/xenis656/Librar
y/Application Support/MiKTeX/texmfs/install/fonts/type1/urw/times/utmr8a.pfb>
Output written on report-B136013.pdf (12 pages, 237864 bytes).
PDF statistics:
 486 PDF objects out of 1000 (max. 8388607)
 74 named destinations out of 1000 (max. 500000)
 174 words of extra memory for PDF output out of 10000 (max. 10000000)

